Using pre-set license
Built from '2020.3/staging' branch; Version is '2020.3.23f1 (c5d91304a876) revision 12966163'; Using compiler version '192528614'; Build Type 'Release'
OS: 'Windows 10 Pro; OS build 19045.2965; Version 2009; 64bit' Language: 'en' Physical Memory: 15720 MB
BatchMode: 1, IsHumanControllingUs: 0, StartBugReporterOnCrash: 0, Is64bit: 1, IsPro: 0

COMMAND LINE ARGUMENTS:
D:\Program\Unity\2020.3.23f1\Editor\Unity.exe
-adb2
-batchMode
-noUpm
-name
AssetImportWorker0
-projectPath
D:/Hoc tap/ga/Farming_Hyper_Casual/Farming Cool
-logFile
Logs/AssetImportWorker0.log
-srvPort
55285
Successfully changed project path to: D:/Hoc tap/ga/Farming_Hyper_Casual/Farming Cool
D:/Hoc tap/ga/Farming_Hyper_Casual/Farming Cool
Using Asset Import Pipeline V2.
Refreshing native plugins compatible for Editor in 50.64 ms, found 2 plugins.
Preloading 0 native plugins for Editor in 0.00 ms.
Initialize engine version: 2020.3.23f1 (c5d91304a876)
[Subsystems] Discovering subsystems at path D:/Program/Unity/2020.3.23f1/Editor/Data/Resources/UnitySubsystems
[Subsystems] Discovering subsystems at path D:/Hoc tap/ga/Farming_Hyper_Casual/Farming Cool/Assets
GfxDevice: creating device client; threaded=0
Direct3D:
    Version:  Direct3D 11.0 [level 11.1]
    Renderer: AMD Radeon(TM) Graphics (ID=0x164c)
    Vendor:   
    VRAM:     7860 MB
    Driver:   30.0.13014.8
Initialize mono
Mono path[0] = 'D:/Program/Unity/2020.3.23f1/Editor/Data/Managed'
Mono path[1] = 'D:/Program/Unity/2020.3.23f1/Editor/Data/MonoBleedingEdge/lib/mono/unityjit'
Mono config path = 'D:/Program/Unity/2020.3.23f1/Editor/Data/MonoBleedingEdge/etc'
Using monoOptions --debugger-agent=transport=dt_socket,embedding=1,server=y,suspend=n,address=127.0.0.1:56456
Begin MonoManager ReloadAssembly
Registering precompiled unity dll's ...
Register platform support module: D:/Program/Unity/2020.3.23f1/Editor/Data/PlaybackEngines/WebGLSupport/UnityEditor.WebGL.Extensions.dll
Register platform support module: D:/Program/Unity/2020.3.23f1/Editor/Data/PlaybackEngines/WindowsStandaloneSupport/UnityEditor.WindowsStandalone.Extensions.dll
Registered in 0.001295 seconds.
Native extension for WindowsStandalone target not found
Native extension for WebGL target not found
Refreshing native plugins compatible for Editor in 52.19 ms, found 2 plugins.
Preloading 0 native plugins for Editor in 0.00 ms.
Mono: successfully reloaded assembly
- Completed reload, in  0.567 seconds
Domain Reload Profiling:
	ReloadAssembly (568ms)
		BeginReloadAssembly (47ms)
			ExecutionOrderSort (0ms)
			DisableScriptedObjects (0ms)
			BackupInstance (0ms)
			ReleaseScriptingObjects (0ms)
			CreateAndSetChildDomain (1ms)
		EndReloadAssembly (454ms)
			LoadAssemblies (47ms)
			RebuildTransferFunctionScriptingTraits (0ms)
			SetupTypeCache (137ms)
			ReleaseScriptCaches (0ms)
			RebuildScriptCaches (37ms)
			SetupLoadedEditorAssemblies (183ms)
				LogAssemblyErrors (0ms)
				InitializePlatformSupportModulesInManaged (4ms)
				SetLoadedEditorAssemblies (0ms)
				RefreshPlugins (52ms)
				BeforeProcessingInitializeOnLoad (15ms)
				ProcessInitializeOnLoadAttributes (82ms)
				ProcessInitializeOnLoadMethodAttributes (30ms)
				AfterProcessingInitializeOnLoad (0ms)
				EditorAssembliesLoaded (0ms)
			ExecutionOrderSort2 (0ms)
			AwakeInstancesAfterBackupRestoration (0ms)
Platform modules already initialized, skipping
Registering precompiled user dll's ...
Registered in 0.003305 seconds.
Begin MonoManager ReloadAssembly
Native extension for WindowsStandalone target not found
Native extension for WebGL target not found
Refreshing native plugins compatible for Editor in 55.06 ms, found 2 plugins.
Preloading 0 native plugins for Editor in 0.00 ms.
Mono: successfully reloaded assembly
- Completed reload, in  1.133 seconds
Domain Reload Profiling:
	ReloadAssembly (1134ms)
		BeginReloadAssembly (140ms)
			ExecutionOrderSort (0ms)
			DisableScriptedObjects (5ms)
			BackupInstance (0ms)
			ReleaseScriptingObjects (0ms)
			CreateAndSetChildDomain (20ms)
		EndReloadAssembly (937ms)
			LoadAssemblies (85ms)
			RebuildTransferFunctionScriptingTraits (0ms)
			SetupTypeCache (305ms)
			ReleaseScriptCaches (1ms)
			RebuildScriptCaches (62ms)
			SetupLoadedEditorAssemblies (356ms)
				LogAssemblyErrors (0ms)
				InitializePlatformSupportModulesInManaged (4ms)
				SetLoadedEditorAssemblies (0ms)
				RefreshPlugins (55ms)
				BeforeProcessingInitializeOnLoad (89ms)
				ProcessInitializeOnLoadAttributes (197ms)
				ProcessInitializeOnLoadMethodAttributes (10ms)
				AfterProcessingInitializeOnLoad (2ms)
				EditorAssembliesLoaded (0ms)
			ExecutionOrderSort2 (0ms)
			AwakeInstancesAfterBackupRestoration (7ms)
Platform modules already initialized, skipping
========================================================================
Worker process is ready to serve import requests
Launched and connected shader compiler UnityShaderCompiler.exe after 0.05 seconds
Refreshing native plugins compatible for Editor in 0.66 ms, found 2 plugins.
Preloading 0 native plugins for Editor in 0.00 ms.
Unloading 2806 Unused Serialized files (Serialized files now loaded: 0)
System memory in use before: 126.0 MB.
System memory in use after: 126.2 MB.

Unloading 20 unused Assets to reduce memory usage. Loaded Objects now: 3238.
Total: 4.299300 ms (FindLiveObjects: 0.369800 ms CreateObjectMapping: 0.128700 ms MarkObjects: 3.694900 ms  DeleteObjects: 0.104200 ms)

AssetImportParameters requested are different than current active one (requested -> active):
  custom:framework-win-MediaFoundation: 216162199b28c13a410421893ffa2e32 -> 
  custom:video-decoder-ogg-theora: a1e56fd34408186e4bbccfd4996cb3dc -> 
  custom:container-muxer-webm: aa71ff27fc2769a1b78a27578f13a17b -> 
  custom:container-demuxer-webm: 4f35f7cbe854078d1ac9338744f61a02 -> 
  custom:container-demuxer-ogg: 62fdf1f143b41e24485cea50d1cbac27 -> 
  custom:video-encoder-webm-vp8: eb34c28f22e8b96e1ab97ce403110664 -> 
  custom:video-decoder-webm-vp8: 9c59270c3fd7afecdb556c50c9e8de78 -> 
  custom:audio-decoder-ogg-vorbis: bf7c407c2cedff20999df2af8eb42d56 -> 
  custom:audio-encoder-webm-vorbis: bf7c407c2cedff20999df2af8eb42d56 -> 
========================================================================
Received Import Request.
  path: Assets/ExampleAssets
  artifactKey: Guid(990f5c2df70993f4987a388ca178996a) Importer(815301076,1909f56bfc062723c751e8b465ee728b)
Start importing Assets/ExampleAssets using Guid(990f5c2df70993f4987a388ca178996a) Importer(815301076,1909f56bfc062723c751e8b465ee728b)  -> (artifact id: 'd5ac45704b3e904ca5b19a6457cc79ac') in 0.015681 seconds 
  Import took 0.020443 seconds .

========================================================================
Received Prepare
Registering precompiled user dll's ...
Registered in 0.003241 seconds.
Begin MonoManager ReloadAssembly
Native extension for WindowsStandalone target not found
Native extension for WebGL target not found
Refreshing native plugins compatible for Editor in 0.63 ms, found 2 plugins.
Preloading 0 native plugins for Editor in 0.00 ms.
Mono: successfully reloaded assembly
- Completed reload, in  1.029 seconds
Domain Reload Profiling:
	ReloadAssembly (1030ms)
		BeginReloadAssembly (107ms)
			ExecutionOrderSort (0ms)
			DisableScriptedObjects (5ms)
			BackupInstance (0ms)
			ReleaseScriptingObjects (0ms)
			CreateAndSetChildDomain (37ms)
		EndReloadAssembly (865ms)
			LoadAssemblies (86ms)
			RebuildTransferFunctionScriptingTraits (0ms)
			SetupTypeCache (301ms)
			ReleaseScriptCaches (1ms)
			RebuildScriptCaches (58ms)
			SetupLoadedEditorAssemblies (311ms)
				LogAssemblyErrors (0ms)
				InitializePlatformSupportModulesInManaged (4ms)
				SetLoadedEditorAssemblies (1ms)
				RefreshPlugins (1ms)
				BeforeProcessingInitializeOnLoad (91ms)
				ProcessInitializeOnLoadAttributes (203ms)
				ProcessInitializeOnLoadMethodAttributes (8ms)
				AfterProcessingInitializeOnLoad (2ms)
				EditorAssembliesLoaded (0ms)
			ExecutionOrderSort2 (0ms)
			AwakeInstancesAfterBackupRestoration (11ms)
Platform modules already initialized, skipping
Refreshing native plugins compatible for Editor in 0.72 ms, found 2 plugins.
Preloading 0 native plugins for Editor in 0.00 ms.
Unloading 2693 Unused Serialized files (Serialized files now loaded: 0)
System memory in use before: 118.7 MB.
System memory in use after: 118.9 MB.

Unloading 17 unused Assets to reduce memory usage. Loaded Objects now: 3238.
Total: 4.726300 ms (FindLiveObjects: 0.544000 ms CreateObjectMapping: 0.147300 ms MarkObjects: 3.997100 ms  DeleteObjects: 0.035700 ms)

AssetImportParameters requested are different than current active one (requested -> active):
  custom:framework-win-MediaFoundation: 216162199b28c13a410421893ffa2e32 -> 
  custom:video-decoder-ogg-theora: a1e56fd34408186e4bbccfd4996cb3dc -> 
  custom:container-muxer-webm: aa71ff27fc2769a1b78a27578f13a17b -> 
  custom:container-demuxer-webm: 4f35f7cbe854078d1ac9338744f61a02 -> 
  custom:container-demuxer-ogg: 62fdf1f143b41e24485cea50d1cbac27 -> 
  custom:video-encoder-webm-vp8: eb34c28f22e8b96e1ab97ce403110664 -> 
  custom:video-decoder-webm-vp8: 9c59270c3fd7afecdb556c50c9e8de78 -> 
  custom:audio-decoder-ogg-vorbis: bf7c407c2cedff20999df2af8eb42d56 -> 
  custom:audio-encoder-webm-vorbis: bf7c407c2cedff20999df2af8eb42d56 -> 
========================================================================
Received Prepare
Registering precompiled user dll's ...
Registered in 0.003238 seconds.
Begin MonoManager ReloadAssembly
Native extension for WindowsStandalone target not found
Native extension for WebGL target not found
Refreshing native plugins compatible for Editor in 0.71 ms, found 2 plugins.
Preloading 0 native plugins for Editor in 0.00 ms.
Mono: successfully reloaded assembly
- Completed reload, in  1.251 seconds
Domain Reload Profiling:
	ReloadAssembly (1252ms)
		BeginReloadAssembly (127ms)
			ExecutionOrderSort (0ms)
			DisableScriptedObjects (6ms)
			BackupInstance (0ms)
			ReleaseScriptingObjects (0ms)
			CreateAndSetChildDomain (44ms)
		EndReloadAssembly (1059ms)
			LoadAssemblies (100ms)
			RebuildTransferFunctionScriptingTraits (0ms)
			SetupTypeCache (360ms)
			ReleaseScriptCaches (1ms)
			RebuildScriptCaches (60ms)
			SetupLoadedEditorAssemblies (403ms)
				LogAssemblyErrors (0ms)
				InitializePlatformSupportModulesInManaged (5ms)
				SetLoadedEditorAssemblies (1ms)
				RefreshPlugins (1ms)
				BeforeProcessingInitializeOnLoad (113ms)
				ProcessInitializeOnLoadAttributes (269ms)
				ProcessInitializeOnLoadMethodAttributes (11ms)
				AfterProcessingInitializeOnLoad (3ms)
				EditorAssembliesLoaded (0ms)
			ExecutionOrderSort2 (0ms)
			AwakeInstancesAfterBackupRestoration (15ms)
Platform modules already initialized, skipping
Switching build target platform(19) subTarget(0) extendedPlatform(0) -> platform(13) subTarget(537395200) extendedPlatform(0)
Refreshing native plugins compatible for Editor in 1.51 ms, found 2 plugins.
Preloading 0 native plugins for Editor in 0.00 ms.
Unloading 2697 Unused Serialized files (Serialized files now loaded: 0)
System memory in use before: 116.9 MB.
System memory in use after: 117.1 MB.

Unloading 15 unused Assets to reduce memory usage. Loaded Objects now: 3240.
Total: 5.881600 ms (FindLiveObjects: 0.830500 ms CreateObjectMapping: 0.188000 ms MarkObjects: 4.822800 ms  DeleteObjects: 0.037200 ms)

AssetImportParameters requested are different than current active one (requested -> active):
  custom:framework-win-MediaFoundation: 216162199b28c13a410421893ffa2e32 -> 
  custom:video-decoder-ogg-theora: a1e56fd34408186e4bbccfd4996cb3dc -> 
  custom:container-muxer-webm: aa71ff27fc2769a1b78a27578f13a17b -> 
  custom:container-demuxer-webm: 4f35f7cbe854078d1ac9338744f61a02 -> 
  custom:container-demuxer-ogg: 62fdf1f143b41e24485cea50d1cbac27 -> 
  custom:video-encoder-webm-vp8: eb34c28f22e8b96e1ab97ce403110664 -> 
  custom:video-decoder-webm-vp8: 9c59270c3fd7afecdb556c50c9e8de78 -> 
  custom:graphics/normal-map-encoding: 01000000000000000000000000000000 -> 02000000000000000000000000000000
  custom:audio-decoder-ogg-vorbis: bf7c407c2cedff20999df2af8eb42d56 -> 
  custom:audio-encoder-webm-vorbis: bf7c407c2cedff20999df2af8eb42d56 -> 
========================================================================
Received Prepare
Refreshing native plugins compatible for Editor in 2.96 ms, found 2 plugins.
Preloading 0 native plugins for Editor in 0.00 ms.
Unloading 13 Unused Serialized files (Serialized files now loaded: 0)
System memory in use before: 64.0 MB.
System memory in use after: 64.2 MB.

Unloading 13 unused Assets to reduce memory usage. Loaded Objects now: 3240.
Total: 4.289900 ms (FindLiveObjects: 0.549800 ms CreateObjectMapping: 0.088900 ms MarkObjects: 3.618600 ms  DeleteObjects: 0.031500 ms)

AssetImportParameters requested are different than current active one (requested -> active):
  custom:framework-win-MediaFoundation: 216162199b28c13a410421893ffa2e32 -> 
  custom:video-decoder-ogg-theora: a1e56fd34408186e4bbccfd4996cb3dc -> 
  custom:container-muxer-webm: aa71ff27fc2769a1b78a27578f13a17b -> 
  custom:container-demuxer-webm: 4f35f7cbe854078d1ac9338744f61a02 -> 
  custom:container-demuxer-ogg: 62fdf1f143b41e24485cea50d1cbac27 -> 
  custom:video-encoder-webm-vp8: eb34c28f22e8b96e1ab97ce403110664 -> 
  custom:video-decoder-webm-vp8: 9c59270c3fd7afecdb556c50c9e8de78 -> 
  custom:audio-decoder-ogg-vorbis: bf7c407c2cedff20999df2af8eb42d56 -> 
  custom:audio-encoder-webm-vorbis: bf7c407c2cedff20999df2af8eb42d56 -> 
========================================================================
Received Import Request.
  Time since last request: 303.353103 seconds.
  path: Assets/Materials
  artifactKey: Guid(d0234ba368eeec9418390da711bfdad0) Importer(815301076,1909f56bfc062723c751e8b465ee728b)
Start importing Assets/Materials using Guid(d0234ba368eeec9418390da711bfdad0) Importer(815301076,1909f56bfc062723c751e8b465ee728b)  -> (artifact id: 'dd1fccef896d48891410691dfde716e5') in 0.011411 seconds 
  Import took 0.016332 seconds .

========================================================================
Received Import Request.
  Time since last request: 4.933739 seconds.
  path: Assets
  artifactKey: Guid(00000000000000001000000000000000) Importer(815301076,1909f56bfc062723c751e8b465ee728b)
Start importing Assets using Guid(00000000000000001000000000000000) Importer(815301076,1909f56bfc062723c751e8b465ee728b)  -> (artifact id: '42d402b061de3733987d63b9cc3b64de') in 0.011506 seconds 
  Import took 0.015883 seconds .

========================================================================
Received Import Request.
  Time since last request: 13.711042 seconds.
  path: Assets/Scenes
  artifactKey: Guid(e506869f910e24a43a614d0832b39578) Importer(815301076,1909f56bfc062723c751e8b465ee728b)
Start importing Assets/Scenes using Guid(e506869f910e24a43a614d0832b39578) Importer(815301076,1909f56bfc062723c751e8b465ee728b)  -> (artifact id: 'a1c416ed0e63e8008acf81a2c9db21ef') in 0.009426 seconds 
  Import took 0.013989 seconds .

========================================================================
Received Import Request.
  Time since last request: 0.775273 seconds.
  path: Assets/Settings
  artifactKey: Guid(0735c275001a2c84dafdb30deced5d8d) Importer(815301076,1909f56bfc062723c751e8b465ee728b)
Start importing Assets/Settings using Guid(0735c275001a2c84dafdb30deced5d8d) Importer(815301076,1909f56bfc062723c751e8b465ee728b)  -> (artifact id: 'cadd7ca10b5bf32e886eec457cf073a7') in 0.012726 seconds 
  Import took 0.017389 seconds .

========================================================================
Received Import Request.
  Time since last request: 18.624085 seconds.
  path: Assets/Settings/SampleSceneProfile.asset
  artifactKey: Guid(10fc4df2da32a41aaa32d77bc913491c) Importer(815301076,1909f56bfc062723c751e8b465ee728b)
Start importing Assets/Settings/SampleSceneProfile.asset using Guid(10fc4df2da32a41aaa32d77bc913491c) Importer(815301076,1909f56bfc062723c751e8b465ee728b)  -> (artifact id: 'd2b3f476ab718b1cf20d183dd9addfe7') in 0.050267 seconds 
  Import took 0.054905 seconds .

========================================================================
Received Import Request.
  Time since last request: 18.394844 seconds.
  path: Assets/Farming Cool
  artifactKey: Guid(3c73a21c658cb5b42ad8b394738952bd) Importer(815301076,1909f56bfc062723c751e8b465ee728b)
Start importing Assets/Farming Cool using Guid(3c73a21c658cb5b42ad8b394738952bd) Importer(815301076,1909f56bfc062723c751e8b465ee728b)  -> (artifact id: 'cec55c136a863d8ea949e4cf9623448c') in 0.010044 seconds 
  Import took 0.014410 seconds .

========================================================================
Received Import Request.
  Time since last request: 422.198421 seconds.
  path: Assets/Design Toolbox
  artifactKey: Guid(0d5472e2346b0294d8f792b758128fca) Importer(815301076,1909f56bfc062723c751e8b465ee728b)
Start importing Assets/Design Toolbox using Guid(0d5472e2346b0294d8f792b758128fca) Importer(815301076,1909f56bfc062723c751e8b465ee728b)  -> (artifact id: 'ea2081010fa2aba11f23a9b181405b12') in 0.010411 seconds 
  Import took 0.015514 seconds .

========================================================================
Received Import Request.
  Time since last request: 2.142118 seconds.
  path: Assets/Mobile Farmer
  artifactKey: Guid(b1fa3e3031dede042860d9d6a25114a7) Importer(815301076,1909f56bfc062723c751e8b465ee728b)
Start importing Assets/Mobile Farmer using Guid(b1fa3e3031dede042860d9d6a25114a7) Importer(815301076,1909f56bfc062723c751e8b465ee728b)  -> (artifact id: '6070dbef81bffa6102ae449678a3f2a9') in 0.011412 seconds 
  Import took 0.015871 seconds .

========================================================================
Received Import Request.
  Time since last request: 5.473434 seconds.
  path: Assets/Mobile Farmer/Sprites
  artifactKey: Guid(4415523710b0de346857f52c323c20fb) Importer(815301076,1909f56bfc062723c751e8b465ee728b)
Start importing Assets/Mobile Farmer/Sprites using Guid(4415523710b0de346857f52c323c20fb) Importer(815301076,1909f56bfc062723c751e8b465ee728b)  -> (artifact id: '489241e78ffce0850de26ea3d9af9d50') in 0.009089 seconds 
  Import took 0.013802 seconds .

========================================================================
Received Import Request.
  Time since last request: 0.770445 seconds.
  path: Assets/Mobile Farmer/Sprites/UI
  artifactKey: Guid(03c1bdeb3c831c640b7575b08304eaf7) Importer(815301076,1909f56bfc062723c751e8b465ee728b)
Start importing Assets/Mobile Farmer/Sprites/UI using Guid(03c1bdeb3c831c640b7575b08304eaf7) Importer(815301076,1909f56bfc062723c751e8b465ee728b)  -> (artifact id: '6e65da05e7478be7da5e8e2415239ea7') in 0.009805 seconds 
  Import took 0.015703 seconds .

========================================================================
Received Import Request.
  Time since last request: 18.069578 seconds.
  path: Assets/Mobile Farmer/Sprites/UI/Harvest Icon.png
  artifactKey: Guid(7e3ee32095c774f439b27e5f905c8f77) Importer(815301076,1909f56bfc062723c751e8b465ee728b)
Start importing Assets/Mobile Farmer/Sprites/UI/Harvest Icon.png using Guid(7e3ee32095c774f439b27e5f905c8f77) Importer(815301076,1909f56bfc062723c751e8b465ee728b)  -> (artifact id: 'cf96a1f4f741c6b5e9302ac0275bc76f') in 0.165354 seconds 
  Import took 0.169857 seconds .

========================================================================
Received Import Request.
  Time since last request: 24.200249 seconds.
  path: Assets/Mobile Farmer/Sprites/UI/Harvest Icon.png
  artifactKey: Guid(7e3ee32095c774f439b27e5f905c8f77) Importer(815301076,1909f56bfc062723c751e8b465ee728b)
Start importing Assets/Mobile Farmer/Sprites/UI/Harvest Icon.png using Guid(7e3ee32095c774f439b27e5f905c8f77) Importer(815301076,1909f56bfc062723c751e8b465ee728b)  -> (artifact id: '717ecf4e1a9aa6ab14d05119d0776ca5') in 0.019113 seconds 
  Import took 0.023613 seconds .

========================================================================
Received Import Request.
  Time since last request: 2.274684 seconds.
  path: Assets/Mobile Farmer/Sprites/UI/Seed Icon.png
  artifactKey: Guid(5feedd03a6f2e4f47b542ca8e9600cb9) Importer(815301076,1909f56bfc062723c751e8b465ee728b)
Start importing Assets/Mobile Farmer/Sprites/UI/Seed Icon.png using Guid(5feedd03a6f2e4f47b542ca8e9600cb9) Importer(815301076,1909f56bfc062723c751e8b465ee728b)  -> (artifact id: 'e510cca8479794771c4295d79eef24c3') in 0.021452 seconds 
  Import took 0.026267 seconds .

========================================================================
Received Import Request.
  Time since last request: 0.811814 seconds.
  path: Assets/Mobile Farmer/Sprites/UI/Water Can Icon.png
  artifactKey: Guid(f09a83fa528f20f4b96bf5a3e96e6a47) Importer(815301076,1909f56bfc062723c751e8b465ee728b)
Start importing Assets/Mobile Farmer/Sprites/UI/Water Can Icon.png using Guid(f09a83fa528f20f4b96bf5a3e96e6a47) Importer(815301076,1909f56bfc062723c751e8b465ee728b)  -> (artifact id: 'dbc521badea3aae98798f6d0e5e814b8') in 0.018757 seconds 
  Import took 0.024006 seconds .

========================================================================
Received Import Request.
  Time since last request: 345.136514 seconds.
  path: Assets/Downtown Game Studio
  artifactKey: Guid(7f34f1f17a8b6434494b47124bf8d921) Importer(815301076,1909f56bfc062723c751e8b465ee728b)
Start importing Assets/Downtown Game Studio using Guid(7f34f1f17a8b6434494b47124bf8d921) Importer(815301076,1909f56bfc062723c751e8b465ee728b)  -> (artifact id: '2d01f2b471f076b30c6f21e8a3ff9aa0') in 0.014591 seconds 
  Import took 0.019155 seconds .

========================================================================
Received Import Request.
  Time since last request: 1.142145 seconds.
  path: Assets/Downtown Game Studio/HYPERCASUAL - Simple Female & Male Characters
  artifactKey: Guid(de4a904e5f46111489245e919f5f100f) Importer(815301076,1909f56bfc062723c751e8b465ee728b)
Start importing Assets/Downtown Game Studio/HYPERCASUAL - Simple Female & Male Characters using Guid(de4a904e5f46111489245e919f5f100f) Importer(815301076,1909f56bfc062723c751e8b465ee728b)  -> (artifact id: 'ec631802fb022c4c78f67626695654fa') in 0.011040 seconds 
  Import took 0.015467 seconds .

========================================================================
Received Import Request.
  Time since last request: 9.647853 seconds.
  path: Assets/Downtown Game Studio/HYPERCASUAL - Simple Female & Male Characters/Prefabs
  artifactKey: Guid(4d504cc74e1bdf84fa816476fb840d2b) Importer(815301076,1909f56bfc062723c751e8b465ee728b)
Start importing Assets/Downtown Game Studio/HYPERCASUAL - Simple Female & Male Characters/Prefabs using Guid(4d504cc74e1bdf84fa816476fb840d2b) Importer(815301076,1909f56bfc062723c751e8b465ee728b)  -> (artifact id: 'dffa6a69a1aa2dba22d96b1e86341b4d') in 0.009223 seconds 
  Import took 0.014083 seconds .

========================================================================
Received Import Request.
  Time since last request: 412.458726 seconds.
  path: Assets/Downtown Game Studio/HYPERCASUAL - Simple Female & Male Characters/Prefabs/Male.prefab
  artifactKey: Guid(a44228eac41794d45804be4a70225e28) Importer(815301076,1909f56bfc062723c751e8b465ee728b)
Start importing Assets/Downtown Game Studio/HYPERCASUAL - Simple Female & Male Characters/Prefabs/Male.prefab using Guid(a44228eac41794d45804be4a70225e28) Importer(815301076,1909f56bfc062723c751e8b465ee728b)  -> (artifact id: '13c10ac051bcb0689c13dc72ee410ebb') in 0.200832 seconds 
  Import took 0.205883 seconds .

========================================================================
Received Import Request.
  Time since last request: 697.966518 seconds.
  path: Assets/Farming Cool/Presets
  artifactKey: Guid(558255460b74ec04fa70b5570e9327bd) Importer(815301076,1909f56bfc062723c751e8b465ee728b)
Start importing Assets/Farming Cool/Presets using Guid(558255460b74ec04fa70b5570e9327bd) Importer(815301076,1909f56bfc062723c751e8b465ee728b)  -> (artifact id: 'e1966229f3d7993f283b578bcf544b58') in 0.013872 seconds 
  Import took 0.019718 seconds .

========================================================================
Received Import Request.
  Time since last request: 23.782842 seconds.
  path: Assets/Farming Cool/Animations
  artifactKey: Guid(0a4534741bc575f47940ce5ea75a81fc) Importer(815301076,1909f56bfc062723c751e8b465ee728b)
Start importing Assets/Farming Cool/Animations using Guid(0a4534741bc575f47940ce5ea75a81fc) Importer(815301076,1909f56bfc062723c751e8b465ee728b)  -> (artifact id: '400aad1dfa98de7bec23e58c2b8aa4b2') in 0.009673 seconds 
  Import took 0.014291 seconds .

========================================================================
Received Import Request.
  Time since last request: 70.508021 seconds.
  path: Assets/Farming Cool/Animations/Male@Fast Run.fbx
  artifactKey: Guid(773751faeb7bddd4993515898f4e0db4) Importer(815301076,1909f56bfc062723c751e8b465ee728b)
Start importing Assets/Farming Cool/Animations/Male@Fast Run.fbx using Guid(773751faeb7bddd4993515898f4e0db4) Importer(815301076,1909f56bfc062723c751e8b465ee728b)  -> (artifact id: '719edd26bf4439a6d0bccd410b198d02') in 0.232439 seconds 
  Import took 0.238565 seconds .

========================================================================
Received Import Request.
  Time since last request: 203.942726 seconds.
  path: Assets/Farming Cool/Animations/Player Animator.controller
  artifactKey: Guid(8ba7d6cd8ce7d9f489b3128f2d56f9fc) Importer(815301076,1909f56bfc062723c751e8b465ee728b)
Start importing Assets/Farming Cool/Animations/Player Animator.controller using Guid(8ba7d6cd8ce7d9f489b3128f2d56f9fc) Importer(815301076,1909f56bfc062723c751e8b465ee728b)  -> (artifact id: 'a3d77d95b4cd54393dc5e07b0027b3b6') in 0.013995 seconds 
  Import took 0.019642 seconds .

========================================================================
Received Import Request.
  Time since last request: 139.200347 seconds.
  path: Assets/Farming Cool/Animations/Happy Idle.anim
  artifactKey: Guid(e52ab8693dc7e114686b5ac8d64c941f) Importer(815301076,1909f56bfc062723c751e8b465ee728b)
Start importing Assets/Farming Cool/Animations/Happy Idle.anim using Guid(e52ab8693dc7e114686b5ac8d64c941f) Importer(815301076,1909f56bfc062723c751e8b465ee728b)  -> (artifact id: 'bc24b603b25fe3e8537a535a14eff894') in 0.019122 seconds 
  Import took 0.024385 seconds .

========================================================================
Received Prepare
Registering precompiled user dll's ...
Registered in 0.003133 seconds.
Begin MonoManager ReloadAssembly
Native extension for WindowsStandalone target not found
Native extension for WebGL target not found
Refreshing native plugins compatible for Editor in 0.64 ms, found 2 plugins.
Preloading 0 native plugins for Editor in 0.00 ms.
Mono: successfully reloaded assembly
- Completed reload, in  1.053 seconds
Domain Reload Profiling:
	ReloadAssembly (1054ms)
		BeginReloadAssembly (123ms)
			ExecutionOrderSort (0ms)
			DisableScriptedObjects (6ms)
			BackupInstance (0ms)
			ReleaseScriptingObjects (0ms)
			CreateAndSetChildDomain (43ms)
		EndReloadAssembly (875ms)
			LoadAssemblies (82ms)
			RebuildTransferFunctionScriptingTraits (0ms)
			SetupTypeCache (287ms)
			ReleaseScriptCaches (1ms)
			RebuildScriptCaches (52ms)
			SetupLoadedEditorAssemblies (301ms)
				LogAssemblyErrors (0ms)
				InitializePlatformSupportModulesInManaged (4ms)
				SetLoadedEditorAssemblies (0ms)
				RefreshPlugins (1ms)
				BeforeProcessingInitializeOnLoad (85ms)
				ProcessInitializeOnLoadAttributes (201ms)
				ProcessInitializeOnLoadMethodAttributes (8ms)
				AfterProcessingInitializeOnLoad (2ms)
				EditorAssembliesLoaded (0ms)
			ExecutionOrderSort2 (0ms)
			AwakeInstancesAfterBackupRestoration (16ms)
Platform modules already initialized, skipping
Switching build target platform(19) subTarget(0) extendedPlatform(0) -> platform(13) subTarget(537395200) extendedPlatform(0)
Refreshing native plugins compatible for Editor in 0.64 ms, found 2 plugins.
Preloading 0 native plugins for Editor in 0.00 ms.
Unloading 2697 Unused Serialized files (Serialized files now loaded: 0)
System memory in use before: 136.6 MB.
System memory in use after: 136.8 MB.

Unloading 15 unused Assets to reduce memory usage. Loaded Objects now: 3328.
Total: 5.119100 ms (FindLiveObjects: 0.392500 ms CreateObjectMapping: 0.129500 ms MarkObjects: 4.569500 ms  DeleteObjects: 0.026000 ms)

AssetImportParameters requested are different than current active one (requested -> active):
  custom:framework-win-MediaFoundation: 216162199b28c13a410421893ffa2e32 -> 
  custom:video-decoder-ogg-theora: a1e56fd34408186e4bbccfd4996cb3dc -> 
  custom:container-muxer-webm: aa71ff27fc2769a1b78a27578f13a17b -> 
  custom:container-demuxer-webm: 4f35f7cbe854078d1ac9338744f61a02 -> 
  custom:container-demuxer-ogg: 62fdf1f143b41e24485cea50d1cbac27 -> 
  custom:video-encoder-webm-vp8: eb34c28f22e8b96e1ab97ce403110664 -> 
  custom:video-decoder-webm-vp8: 9c59270c3fd7afecdb556c50c9e8de78 -> 
  custom:graphics/normal-map-encoding: 01000000000000000000000000000000 -> 02000000000000000000000000000000
  custom:audio-decoder-ogg-vorbis: bf7c407c2cedff20999df2af8eb42d56 -> 
  custom:audio-encoder-webm-vorbis: bf7c407c2cedff20999df2af8eb42d56 -> 
========================================================================
Received Import Request.
  Time since last request: 196.384155 seconds.
  path: Assets/Farming Cool/Animations/Run.anim
  artifactKey: Guid(48e5ae5ca3457474eaf49e539b3d0479) Importer(815301076,1909f56bfc062723c751e8b465ee728b)
Start importing Assets/Farming Cool/Animations/Run.anim using Guid(48e5ae5ca3457474eaf49e539b3d0479) Importer(815301076,1909f56bfc062723c751e8b465ee728b)  -> (artifact id: 'e5debe4f0e2ccf659254f4692c2a4c19') in 0.029306 seconds 
  Import took 0.034920 seconds .

========================================================================
Received Import Request.
  Time since last request: 227.146683 seconds.
  path: Assets/Farming Cool/Scenes/Mobile Joystick.unity
  artifactKey: Guid(6b853a4dd968fe0449606189cb3700a4) Importer(815301076,1909f56bfc062723c751e8b465ee728b)
Start importing Assets/Farming Cool/Scenes/Mobile Joystick.unity using Guid(6b853a4dd968fe0449606189cb3700a4) Importer(815301076,1909f56bfc062723c751e8b465ee728b)  -> (artifact id: 'ff1b94a9be47c3cf2cea7852eb9bc611') in 0.010440 seconds 
  Import took 0.015514 seconds .

========================================================================
Received Import Request.
  Time since last request: 15.798934 seconds.
  path: Assets/Farming Cool/Scenes/SampleScene.unity
  artifactKey: Guid(d1c3109bdb54ad54c8a2b2838528e640) Importer(815301076,1909f56bfc062723c751e8b465ee728b)
Start importing Assets/Farming Cool/Scenes/SampleScene.unity using Guid(d1c3109bdb54ad54c8a2b2838528e640) Importer(815301076,1909f56bfc062723c751e8b465ee728b)  -> (artifact id: '42c5aa5d3f8bcdab437f93745fbae900') in 0.010511 seconds 
  Import took 0.015776 seconds .

========================================================================
Received Import Request.
  Time since last request: 75.233587 seconds.
  path: Assets/Farming Cool/Settings/UniversalRP-HighQuality.asset
  artifactKey: Guid(19ba41d7c0026c3459d37c2fe90c55a0) Importer(815301076,1909f56bfc062723c751e8b465ee728b)
Start importing Assets/Farming Cool/Settings/UniversalRP-HighQuality.asset using Guid(19ba41d7c0026c3459d37c2fe90c55a0) Importer(815301076,1909f56bfc062723c751e8b465ee728b)  -> (artifact id: '02e18c1f933b70f494440bf5e7626866') in 0.011998 seconds 
  Import took 0.016879 seconds .

========================================================================
Received Import Request.
  Time since last request: 0.559408 seconds.
  path: Assets/Farming Cool/Settings/UniversalRP-LowQuality.asset
  artifactKey: Guid(a31e9f9f9c9d4b9429ed0d1234e22103) Importer(815301076,1909f56bfc062723c751e8b465ee728b)
Start importing Assets/Farming Cool/Settings/UniversalRP-LowQuality.asset using Guid(a31e9f9f9c9d4b9429ed0d1234e22103) Importer(815301076,1909f56bfc062723c751e8b465ee728b)  -> (artifact id: 'b226a0bb157262eadf686f6bb5b5f1f8') in 0.011854 seconds 
  Import took 0.016578 seconds .

========================================================================
Received Import Request.
  Time since last request: 0.652161 seconds.
  path: Assets/Farming Cool/Settings/UniversalRP-MediumQuality.asset
  artifactKey: Guid(d847b876476d3d6468f5dfcd34266f96) Importer(815301076,1909f56bfc062723c751e8b465ee728b)
Start importing Assets/Farming Cool/Settings/UniversalRP-MediumQuality.asset using Guid(d847b876476d3d6468f5dfcd34266f96) Importer(815301076,1909f56bfc062723c751e8b465ee728b)  -> (artifact id: 'd421f548a6507a11f25ec3578746e9c1') in 0.010726 seconds 
  Import took 0.015426 seconds .

========================================================================
Received Import Request.
  Time since last request: 30.978121 seconds.
  path: Assets/Farming Cool/Scenes/Mobile Joystick.unity
  artifactKey: Guid(6b853a4dd968fe0449606189cb3700a4) Importer(815301076,1909f56bfc062723c751e8b465ee728b)
Start importing Assets/Farming Cool/Scenes/Mobile Joystick.unity using Guid(6b853a4dd968fe0449606189cb3700a4) Importer(815301076,1909f56bfc062723c751e8b465ee728b)  -> (artifact id: 'a4526d3a69947463af8b9ff895d2e4e8') in 0.002541 seconds 
  Import took 0.007334 seconds .

========================================================================
Received Import Request.
  Time since last request: 60.688591 seconds.
  path: Assets/Farming Cool/Scenes/SampleScene.unity
  artifactKey: Guid(d1c3109bdb54ad54c8a2b2838528e640) Importer(815301076,1909f56bfc062723c751e8b465ee728b)
Start importing Assets/Farming Cool/Scenes/SampleScene.unity using Guid(d1c3109bdb54ad54c8a2b2838528e640) Importer(815301076,1909f56bfc062723c751e8b465ee728b)  -> (artifact id: 'dd35cf0364b23499e1a2231a3c1268a3') in 0.004844 seconds 
  Import took 0.009669 seconds .

========================================================================
Received Import Request.
  Time since last request: 13.128136 seconds.
  path: Assets/Farming Cool/Scenes/SampleScene 1.unity
  artifactKey: Guid(e1b6a55d6c4738847b67e3f05fce0f58) Importer(815301076,1909f56bfc062723c751e8b465ee728b)
Start importing Assets/Farming Cool/Scenes/SampleScene 1.unity using Guid(e1b6a55d6c4738847b67e3f05fce0f58) Importer(815301076,1909f56bfc062723c751e8b465ee728b)  -> (artifact id: '8f44621170179f8f51511e74e8dffe0a') in 0.010561 seconds 
  Import took 0.015348 seconds .

========================================================================
Received Import Request.
  Time since last request: 188.969726 seconds.
  path: Assets/Farming Cool/Scenes/SampleScene 1.unity
  artifactKey: Guid(e1b6a55d6c4738847b67e3f05fce0f58) Importer(815301076,1909f56bfc062723c751e8b465ee728b)
Start importing Assets/Farming Cool/Scenes/SampleScene 1.unity using Guid(e1b6a55d6c4738847b67e3f05fce0f58) Importer(815301076,1909f56bfc062723c751e8b465ee728b)  -> (artifact id: 'ab77649381bd2050653ce311a4e02bc6') in 0.002615 seconds 
  Import took 0.007660 seconds .

AssetImportWorkerClient::OnTransportError - code=2 error=End of file
